  BattleScene.cpp
C:\Users\USER\Desktop\BattleCity_1\210317_WinAPI\BattleScene.cpp(110,62): warning C4267: '인수': 'size_t'에서 'int'(으)로 변환하면서 데이터가 손실될 수 있습니다.
  Button.cpp
  CollisionCheck.cpp
C:\Users\USER\Desktop\BattleCity_1\210317_WinAPI\CollisionCheck.cpp(24,45): warning C4244: '=': 'float'에서 'int'(으)로 변환하면서 데이터가 손실될 수 있습니다.
C:\Users\USER\Desktop\BattleCity_1\210317_WinAPI\CollisionCheck.cpp(25,44): warning C4244: '=': 'float'에서 'int'(으)로 변환하면서 데이터가 손실될 수 있습니다.
C:\Users\USER\Desktop\BattleCity_1\210317_WinAPI\CollisionCheck.cpp(27,71): warning C4244: '=': 'float'에서 'LONG'(으)로 변환하면서 데이터가 손실될 수 있습니다.
C:\Users\USER\Desktop\BattleCity_1\210317_WinAPI\CollisionCheck.cpp(28,72): warning C4244: '=': 'float'에서 'LONG'(으)로 변환하면서 데이터가 손실될 수 있습니다.
C:\Users\USER\Desktop\BattleCity_1\210317_WinAPI\CollisionCheck.cpp(30,69): warning C4244: '=': 'float'에서 'LONG'(으)로 변환하면서 데이터가 손실될 수 있습니다.
C:\Users\USER\Desktop\BattleCity_1\210317_WinAPI\CollisionCheck.cpp(31,72): warning C4244: '=': 'float'에서 'LONG'(으)로 변환하면서 데이터가 손실될 수 있습니다.
  Enemy.cpp
C:\Users\USER\Desktop\BattleCity_1\210317_WinAPI\CommonFunction.h(13,15): warning C4244: '=': 'double'에서 'float'(으)로 변환하면서 데이터가 손실될 수 있습니다.
C:\Users\USER\Desktop\BattleCity_1\210317_WinAPI\Enemy.cpp(22,14): warning C4244: '=': 'int'에서 'float'(으)로 변환하면서 데이터가 손실될 수 있습니다.
C:\Users\USER\Desktop\BattleCity_1\210317_WinAPI\Enemy.cpp(23,13): warning C4244: '=': 'int'에서 'float'(으)로 변환하면서 데이터가 손실될 수 있습니다.
C:\Users\USER\Desktop\BattleCity_1\210317_WinAPI\Enemy.cpp(65,43): warning C4244: '인수': 'float'에서 'int'(으)로 변환하면서 데이터가 손실될 수 있습니다.
C:\Users\USER\Desktop\BattleCity_1\210317_WinAPI\Enemy.cpp(65,36): warning C4244: '인수': 'float'에서 'int'(으)로 변환하면서 데이터가 손실될 수 있습니다.
C:\Users\USER\Desktop\BattleCity_1\210317_WinAPI\Enemy.cpp(69,47): warning C4244: '인수': 'float'에서 'int'(으)로 변환하면서 데이터가 손실될 수 있습니다.
C:\Users\USER\Desktop\BattleCity_1\210317_WinAPI\Enemy.cpp(69,40): warning C4244: '인수': 'float'에서 'int'(으)로 변환하면서 데이터가 손실될 수 있습니다.
  EnemyManager.cpp
  GameBoard.cpp
  GameNode.cpp
  Image.cpp
  ImageManager.cpp
  KeyManager.cpp
  main.cpp
C:\Users\USER\Desktop\BattleCity_1\210317_WinAPI\CommonFunction.h(13,15): warning C4244: '=': 'double'에서 'float'(으)로 변환하면서 데이터가 손실될 수 있습니다.
C:\Users\USER\Desktop\BattleCity_1\210317_WinAPI\main.cpp(37,50): warning C4302: '형식 캐스트': 'LPSTR'에서 'WORD'(으)로 잘립니다.
C:\Users\USER\Desktop\BattleCity_1\210317_WinAPI\main.cpp(109,16): warning C4244: 'return': 'WPARAM'에서 'int'(으)로 변환하면서 데이터가 손실될 수 있습니다.
  MainGame.cpp
C:\Users\USER\Desktop\BattleCity_1\210317_WinAPI\MainGame.cpp(70,79): warning C4267: '인수': 'size_t'에서 'int'(으)로 변환하면서 데이터가 손실될 수 있습니다.
C:\Users\USER\Desktop\BattleCity_1\210317_WinAPI\MainGame.cpp(73,50): warning C4267: '인수': 'size_t'에서 'int'(으)로 변환하면서 데이터가 손실될 수 있습니다.
  Missile.cpp
C:\Users\USER\Desktop\BattleCity_1\210317_WinAPI\CommonFunction.h(13,15): warning C4244: '=': 'double'에서 'float'(으)로 변환하면서 데이터가 손실될 수 있습니다.
C:\Users\USER\Desktop\BattleCity_1\210317_WinAPI\Missile.cpp(97,21): warning C4244: '=': 'float'에서 'LONG'(으)로 변환하면서 데이터가 손실될 수 있습니다.
C:\Users\USER\Desktop\BattleCity_1\210317_WinAPI\Missile.cpp(98,20): warning C4244: '=': 'float'에서 'LONG'(으)로 변환하면서 데이터가 손실될 수 있습니다.
C:\Users\USER\Desktop\BattleCity_1\210317_WinAPI\Missile.cpp(99,22): warning C4244: '=': 'float'에서 'LONG'(으)로 변환하면서 데이터가 손실될 수 있습니다.
C:\Users\USER\Desktop\BattleCity_1\210317_WinAPI\Missile.cpp(100,23): warning C4244: '=': 'float'에서 'LONG'(으)로 변환하면서 데이터가 손실될 수 있습니다.
C:\Users\USER\Desktop\BattleCity_1\210317_WinAPI\Missile.cpp(122,30): warning C4244: '인수': 'float'에서 'int'(으)로 변환하면서 데이터가 손실될 수 있습니다.
C:\Users\USER\Desktop\BattleCity_1\210317_WinAPI\Missile.cpp(122,23): warning C4244: '인수': 'float'에서 'int'(으)로 변환하면서 데이터가 손실될 수 있습니다.
  MissileManager.cpp
  PlayerShip.cpp
C:\Users\USER\Desktop\BattleCity_1\210317_WinAPI\CommonFunction.h(13,15): warning C4244: '=': 'double'에서 'float'(으)로 변환하면서 데이터가 손실될 수 있습니다.
C:\Users\USER\Desktop\BattleCity_1\210317_WinAPI\PlayerShip.cpp(164,37): warning C4244: '인수': 'float'에서 'int'(으)로 변환하면서 데이터가 손실될 수 있습니다.
C:\Users\USER\Desktop\BattleCity_1\210317_WinAPI\PlayerShip.cpp(164,30): warning C4244: '인수': 'float'에서 'int'(으)로 변환하면서 데이터가 손실될 수 있습니다.
  SceneManager.cpp
  TilemapTool.cpp
C:\Users\USER\Desktop\BattleCity_1\210317_WinAPI\CommonFunction.h(13,15): warning C4244: '=': 'double'에서 'float'(으)로 변환하면서 데이터가 손실될 수 있습니다.
C:\Users\USER\Desktop\BattleCity_1\210317_WinAPI\TilemapTool.cpp(310,64): warning C4267: '인수': 'size_t'에서 'int'(으)로 변환하면서 데이터가 손실될 수 있습니다.
  Timer.cpp
C:\Users\USER\Desktop\BattleCity_1\210317_WinAPI\Timer.cpp(8,16): warning C4244: '=': 'double'에서 '__int64'(으)로 변환하면서 데이터가 손실될 수 있습니다.
C:\Users\USER\Desktop\BattleCity_1\210317_WinAPI\Timer.cpp(9,16): warning C4244: '=': 'double'에서 '__int64'(으)로 변환하면서 데이터가 손실될 수 있습니다.
C:\Users\USER\Desktop\BattleCity_1\210317_WinAPI\Timer.cpp(10,23): warning C4244: '=': 'double'에서 '__int64'(으)로 변환하면서 데이터가 손실될 수 있습니다.
C:\Users\USER\Desktop\BattleCity_1\210317_WinAPI\Timer.cpp(51,25): warning C4244: '=': 'float'에서 'unsigned long'(으)로 변환하면서 데이터가 손실될 수 있습니다.
  TimerManager.cpp
C:\Users\USER\Desktop\BattleCity_1\210317_WinAPI\TimerManager.cpp(30,65): warning C4267: '인수': 'size_t'에서 'int'(으)로 변환하면서 데이터가 손실될 수 있습니다.
  코드를 생성하고 있습니다...
  210317_WinAPI.vcxproj -> C:\Users\USER\Desktop\BattleCity_1\x64\Debug\210317_WinAPI.exe
